Week 1 :
 
- meeting with the whole team to decide and understand all the tasks
- creation of the notion where we put all the files and have our calendar of tasks
- creation of a small documentation explaining the udp vs TCP protocols so everyone understand the two protocole and we can make decision
- creation of the wireframe for the mobile app so we have an overview of what the design will look like

Week 2 : 

  - init the mobile app on react native
  - created the UI for the app based on the figma created earlier
  - meeting with Husqvarna's team
  
Week 3 : 

  - meeting to decide what the sprint should be about
  - we also decided on how the whole scrum will work and when we will meet
  - talked about the whole protocole of mapping and starting everything
  - creation of the task for the srpint on the notion
  - creation of a modal pop up that shows when the app is open, it is only a start mapping button (used to send the signal to the robot to start mapping)
  - started working on the sockets protocole and try and testing it
  
  Week 4: 
  
  - started creating the draw line function
  - meeting with husqvarna
  - meeting wiht the team to talk about changes we have to do, what the sprint is about and how are the tasks advancing
  - started to learn about the svg and line function that i will use to draw the map
  - created a false json with flase data
  - started the function that will claculate the size of each pixel so that the map is draw at max size every refresh
  
  week 5:
  
  - ablt to draw the json file map
  - the size of each lines adpat to the max size of the coordinates
  - still a problem handling negative numbers for the size of the lines
  
  Week 6:
   
   - meeting with husqvarna
   - fixed the problem of drawing negative numbers
   
   Week 7:
   
   - changed the app.js function from app component back to function due to a problem with the sockets, that were not working in an app component
   - fixed the draw map function because the format in witch the datas were sent by the back end changed, no more mapping because now it is a list
   - added the fucntion to draw were the collisions happened
   - a lot of minor fix as we are starting to merge everything and test everything together
